0 info it worked if it ends with ok
1 verbose cli [ '/usr/local/bin/node',
1 verbose cli   '/usr/local/bin/npm',
1 verbose cli   'i',
1 verbose cli   '-D',
1 verbose cli   'grunt-contrib-imagemin' ]
2 info using npm@3.10.10
3 info using node@v6.11.1
4 silly loadCurrentTree Starting
5 silly install loadCurrentTree
6 silly install readLocalPackageData
7 silly fetchPackageMetaData grunt-contrib-imagemin@~0.2.0
8 silly fetchNamedPackageData grunt-contrib-imagemin
9 silly mapToRegistry name grunt-contrib-imagemin
10 silly mapToRegistry using default registry
11 silly mapToRegistry registry https://registry.npmjs.org/
12 silly mapToRegistry data Result {
12 silly mapToRegistry   raw: 'grunt-contrib-imagemin',
12 silly mapToRegistry   scope: null,
12 silly mapToRegistry   escapedName: 'grunt-contrib-imagemin',
12 silly mapToRegistry   name: 'grunt-contrib-imagemin',
12 silly mapToRegistry   rawSpec: '',
12 silly mapToRegistry   spec: 'latest',
12 silly mapToRegistry   type: 'tag' }
13 silly mapToRegistry uri https://registry.npmjs.org/grunt-contrib-imagemin
14 verbose request uri https://registry.npmjs.org/grunt-contrib-imagemin
15 verbose request no auth needed
16 info attempt registry request try #1 at 3:35:40 PM
17 verbose request id d8affd6ef2cad4ed
18 verbose etag W/"59809173-fca9"
19 verbose lastModified Tue, 01 Aug 2017 14:34:27 GMT
20 http request GET https://registry.npmjs.org/grunt-contrib-imagemin
21 http 304 https://registry.npmjs.org/grunt-contrib-imagemin
22 verbose headers { date: 'Sat, 05 Aug 2017 05:35:40 GMT',
22 verbose headers   via: '1.1 varnish',
22 verbose headers   'cache-control': 'max-age=300',
22 verbose headers   etag: 'W/"59809173-fca9"',
22 verbose headers   age: '295',
22 verbose headers   connection: 'keep-alive',
22 verbose headers   'x-served-by': 'cache-mel6525-MEL',
22 verbose headers   'x-cache': 'HIT',
22 verbose headers   'x-cache-hits': '1',
22 verbose headers   'x-timer': 'S1501911340.450001,VS0,VE0',
22 verbose headers   vary: 'Accept-Encoding, Accept' }
23 silly get cb [ 304,
23 silly get   { date: 'Sat, 05 Aug 2017 05:35:40 GMT',
23 silly get     via: '1.1 varnish',
23 silly get     'cache-control': 'max-age=300',
23 silly get     etag: 'W/"59809173-fca9"',
23 silly get     age: '295',
23 silly get     connection: 'keep-alive',
23 silly get     'x-served-by': 'cache-mel6525-MEL',
23 silly get     'x-cache': 'HIT',
23 silly get     'x-cache-hits': '1',
23 silly get     'x-timer': 'S1501911340.450001,VS0,VE0',
23 silly get     vary: 'Accept-Encoding, Accept' } ]
24 verbose etag https://registry.npmjs.org/grunt-contrib-imagemin from cache
25 verbose get saving grunt-contrib-imagemin to /Users/hsn/.npm/registry.npmjs.org/grunt-contrib-imagemin/.cache.json
26 verbose correctMkdir /Users/hsn/.npm correctMkdir not in flight; initializing
27 silly install normalizeTree
28 silly loadCurrentTree Finishing
29 silly loadIdealTree Starting
30 silly install loadIdealTree
31 silly cloneCurrentTree Starting
32 silly install cloneCurrentTreeToIdealTree
33 silly cloneCurrentTree Finishing
34 silly loadShrinkwrap Starting
35 silly install loadShrinkwrap
36 silly loadShrinkwrap Finishing
37 silly loadAllDepsIntoIdealTree Starting
38 silly install loadAllDepsIntoIdealTree
39 silly resolveWithNewModule grunt-contrib-imagemin@0.2.1 checking installable status
40 silly cache add args [ 'grunt-contrib-imagemin@~0.2.0', null ]
41 verbose cache add spec grunt-contrib-imagemin@~0.2.0
42 silly cache add parsed spec Result {
42 silly cache add   raw: 'grunt-contrib-imagemin@~0.2.0',
42 silly cache add   scope: null,
42 silly cache add   escapedName: 'grunt-contrib-imagemin',
42 silly cache add   name: 'grunt-contrib-imagemin',
42 silly cache add   rawSpec: '~0.2.0',
42 silly cache add   spec: '>=0.2.0 <0.3.0',
42 silly cache add   type: 'range' }
43 silly addNamed grunt-contrib-imagemin@>=0.2.0 <0.3.0
44 verbose addNamed ">=0.2.0 <0.3.0" is a valid semver range for grunt-contrib-imagemin
45 silly addNameRange { name: 'grunt-contrib-imagemin',
45 silly addNameRange   range: '>=0.2.0 <0.3.0',
45 silly addNameRange   hasData: false }
46 silly mapToRegistry name grunt-contrib-imagemin
47 silly mapToRegistry using default registry
48 silly mapToRegistry registry https://registry.npmjs.org/
49 silly mapToRegistry data Result {
49 silly mapToRegistry   raw: 'grunt-contrib-imagemin',
49 silly mapToRegistry   scope: null,
49 silly mapToRegistry   escapedName: 'grunt-contrib-imagemin',
49 silly mapToRegistry   name: 'grunt-contrib-imagemin',
49 silly mapToRegistry   rawSpec: '',
49 silly mapToRegistry   spec: 'latest',
49 silly mapToRegistry   type: 'tag' }
50 silly mapToRegistry uri https://registry.npmjs.org/grunt-contrib-imagemin
51 verbose addNameRange registry:https://registry.npmjs.org/grunt-contrib-imagemin not in flight; fetching
52 verbose get https://registry.npmjs.org/grunt-contrib-imagemin not expired, no request
53 silly addNameRange number 2 { name: 'grunt-contrib-imagemin',
53 silly addNameRange   range: '>=0.2.0 <0.3.0',
53 silly addNameRange   hasData: true }
54 silly addNameRange versions [ 'grunt-contrib-imagemin',
54 silly addNameRange   [ '0.1.0',
54 silly addNameRange     '0.1.1',
54 silly addNameRange     '0.1.2',
54 silly addNameRange     '0.1.3',
54 silly addNameRange     '0.1.4',
54 silly addNameRange     '0.1.1-rc7',
54 silly addNameRange     '0.1.1-rc8',
54 silly addNameRange     '0.2.0',
54 silly addNameRange     '0.2.1',
54 silly addNameRange     '0.3.0',
54 silly addNameRange     '0.4.0',
54 silly addNameRange     '0.4.1',
54 silly addNameRange     '0.5.0',
54 silly addNameRange     '0.6.0',
54 silly addNameRange     '0.6.1',
54 silly addNameRange     '0.7.0',
54 silly addNameRange     '0.7.1',
54 silly addNameRange     '0.7.2',
54 silly addNameRange     '0.8.0',
54 silly addNameRange     '0.8.1',
54 silly addNameRange     '0.9.0',
54 silly addNameRange     '0.9.1',
54 silly addNameRange     '0.9.2',
54 silly addNameRange     '0.9.3',
54 silly addNameRange     '0.9.4',
54 silly addNameRange     '1.0.0',
54 silly addNameRange     '1.0.1',
54 silly addNameRange     '2.0.0',
54 silly addNameRange     '2.0.1' ] ]
55 silly addNamed grunt-contrib-imagemin@0.2.1
56 verbose addNamed "0.2.1" is a plain semver version for grunt-contrib-imagemin
57 silly cache afterAdd grunt-contrib-imagemin@0.2.1
58 verbose afterAdd /Users/hsn/.npm/grunt-contrib-imagemin/0.2.1/package/package.json not in flight; writing
59 verbose correctMkdir /Users/hsn/.npm correctMkdir not in flight; initializing
60 verbose afterAdd /Users/hsn/.npm/grunt-contrib-imagemin/0.2.1/package/package.json written
61 silly fetchNamedPackageData gifsicle
62 silly mapToRegistry name gifsicle
63 silly mapToRegistry using default registry
64 silly mapToRegistry registry https://registry.npmjs.org/
65 silly mapToRegistry data Result {
65 silly mapToRegistry   raw: 'gifsicle',
65 silly mapToRegistry   scope: null,
65 silly mapToRegistry   escapedName: 'gifsicle',
65 silly mapToRegistry   name: 'gifsicle',
65 silly mapToRegistry   rawSpec: '',
65 silly mapToRegistry   spec: 'latest',
65 silly mapToRegistry   type: 'tag' }
66 silly mapToRegistry uri https://registry.npmjs.org/gifsicle
67 silly fetchNamedPackageData chalk
68 silly mapToRegistry name chalk
69 silly mapToRegistry using default registry
70 silly mapToRegistry registry https://registry.npmjs.org/
71 silly mapToRegistry data Result {
71 silly mapToRegistry   raw: 'chalk',
71 silly mapToRegistry   scope: null,
71 silly mapToRegistry   escapedName: 'chalk',
71 silly mapToRegistry   name: 'chalk',
71 silly mapToRegistry   rawSpec: '',
71 silly mapToRegistry   spec: 'latest',
71 silly mapToRegistry   type: 'tag' }
72 silly mapToRegistry uri https://registry.npmjs.org/chalk
73 verbose request uri https://registry.npmjs.org/gifsicle
74 verbose request no auth needed
75 info attempt registry request try #1 at 3:35:41 PM
76 verbose etag W/"595ba161-7395"
77 verbose lastModified Tue, 04 Jul 2017 14:08:33 GMT
78 http request GET https://registry.npmjs.org/gifsicle
79 verbose request uri https://registry.npmjs.org/chalk
80 verbose request no auth needed
81 info attempt registry request try #1 at 3:35:41 PM
82 verbose etag W/"59838953-aa8c"
83 verbose lastModified Thu, 03 Aug 2017 20:36:35 GMT
84 http request GET https://registry.npmjs.org/chalk
85 http 304 https://registry.npmjs.org/gifsicle
86 verbose headers { date: 'Sat, 05 Aug 2017 05:35:41 GMT',
86 verbose headers   via: '1.1 varnish',
86 verbose headers   'cache-control': 'max-age=300',
86 verbose headers   etag: 'W/"595ba161-7395"',
86 verbose headers   age: '292',
86 verbose headers   connection: 'keep-alive',
86 verbose headers   'x-served-by': 'cache-mel6525-MEL',
86 verbose headers   'x-cache': 'HIT',
86 verbose headers   'x-cache-hits': '2',
86 verbose headers   'x-timer': 'S1501911341.010713,VS0,VE0',
86 verbose headers   vary: 'Accept-Encoding, Accept' }
87 silly get cb [ 304,
87 silly get   { date: 'Sat, 05 Aug 2017 05:35:41 GMT',
87 silly get     via: '1.1 varnish',
87 silly get     'cache-control': 'max-age=300',
87 silly get     etag: 'W/"595ba161-7395"',
87 silly get     age: '292',
87 silly get     connection: 'keep-alive',
87 silly get     'x-served-by': 'cache-mel6525-MEL',
87 silly get     'x-cache': 'HIT',
87 silly get     'x-cache-hits': '2',
87 silly get     'x-timer': 'S1501911341.010713,VS0,VE0',
87 silly get     vary: 'Accept-Encoding, Accept' } ]
88 verbose etag https://registry.npmjs.org/gifsicle from cache
89 verbose get saving gifsicle to /Users/hsn/.npm/registry.npmjs.org/gifsicle/.cache.json
90 verbose correctMkdir /Users/hsn/.npm correctMkdir not in flight; initializing
91 silly resolveWithNewModule gifsicle@0.1.7 checking installable status
92 silly cache add args [ 'gifsicle@~0.1.0', null ]
93 verbose cache add spec gifsicle@~0.1.0
94 silly cache add parsed spec Result {
94 silly cache add   raw: 'gifsicle@~0.1.0',
94 silly cache add   scope: null,
94 silly cache add   escapedName: 'gifsicle',
94 silly cache add   name: 'gifsicle',
94 silly cache add   rawSpec: '~0.1.0',
94 silly cache add   spec: '>=0.1.0 <0.2.0',
94 silly cache add   type: 'range' }
95 silly addNamed gifsicle@>=0.1.0 <0.2.0
96 verbose addNamed ">=0.1.0 <0.2.0" is a valid semver range for gifsicle
97 silly addNameRange { name: 'gifsicle', range: '>=0.1.0 <0.2.0', hasData: false }
98 silly mapToRegistry name gifsicle
99 silly mapToRegistry using default registry
100 silly mapToRegistry registry https://registry.npmjs.org/
101 silly mapToRegistry data Result {
101 silly mapToRegistry   raw: 'gifsicle',
101 silly mapToRegistry   scope: null,
101 silly mapToRegistry   escapedName: 'gifsicle',
101 silly mapToRegistry   name: 'gifsicle',
101 silly mapToRegistry   rawSpec: '',
101 silly mapToRegistry   spec: 'latest',
101 silly mapToRegistry   type: 'tag' }
102 silly mapToRegistry uri https://registry.npmjs.org/gifsicle
103 verbose addNameRange registry:https://registry.npmjs.org/gifsicle not in flight; fetching
104 verbose get https://registry.npmjs.org/gifsicle not expired, no request
105 silly addNameRange number 2 { name: 'gifsicle', range: '>=0.1.0 <0.2.0', hasData: true }
106 silly addNameRange versions [ 'gifsicle',
106 silly addNameRange   [ '0.1.0',
106 silly addNameRange     '0.1.1',
106 silly addNameRange     '0.1.2',
106 silly addNameRange     '0.1.3',
106 silly addNameRange     '0.1.4',
106 silly addNameRange     '0.1.5',
106 silly addNameRange     '0.1.6',
106 silly addNameRange     '0.1.7',
106 silly addNameRange     '1.0.0',
106 silly addNameRange     '1.0.1',
106 silly addNameRange     '1.0.2',
106 silly addNameRange     '1.0.3',
106 silly addNameRange     '2.0.0',
106 silly addNameRange     '2.0.1',
106 silly addNameRange     '3.0.0',
106 silly addNameRange     '3.0.1',
106 silly addNameRange     '3.0.2',
106 silly addNameRange     '3.0.3',
106 silly addNameRange     '3.0.4' ] ]
107 silly addNamed gifsicle@0.1.7
108 verbose addNamed "0.1.7" is a plain semver version for gifsicle
109 silly cache afterAdd gifsicle@0.1.7
110 verbose afterAdd /Users/hsn/.npm/gifsicle/0.1.7/package/package.json not in flight; writing
111 verbose correctMkdir /Users/hsn/.npm correctMkdir not in flight; initializing
112 verbose afterAdd /Users/hsn/.npm/gifsicle/0.1.7/package/package.json written
113 http 304 https://registry.npmjs.org/chalk
114 verbose headers { date: 'Sat, 05 Aug 2017 05:35:41 GMT',
114 verbose headers   via: '1.1 varnish',
114 verbose headers   'cache-control': 'max-age=300',
114 verbose headers   etag: 'W/"59838953-aa8c"',
114 verbose headers   age: '8',
114 verbose headers   connection: 'keep-alive',
114 verbose headers   'x-served-by': 'cache-mel6521-MEL',
114 verbose headers   'x-cache': 'HIT',
114 verbose headers   'x-cache-hits': '1',
114 verbose headers   'x-timer': 'S1501911341.075866,VS0,VE1',
114 verbose headers   vary: 'Accept-Encoding, Accept' }
115 silly get cb [ 304,
115 silly get   { date: 'Sat, 05 Aug 2017 05:35:41 GMT',
115 silly get     via: '1.1 varnish',
115 silly get     'cache-control': 'max-age=300',
115 silly get     etag: 'W/"59838953-aa8c"',
115 silly get     age: '8',
115 silly get     connection: 'keep-alive',
115 silly get     'x-served-by': 'cache-mel6521-MEL',
115 silly get     'x-cache': 'HIT',
115 silly get     'x-cache-hits': '1',
115 silly get     'x-timer': 'S1501911341.075866,VS0,VE1',
115 silly get     vary: 'Accept-Encoding, Accept' } ]
116 verbose etag https://registry.npmjs.org/chalk from cache
117 verbose get saving chalk to /Users/hsn/.npm/registry.npmjs.org/chalk/.cache.json
118 verbose correctMkdir /Users/hsn/.npm correctMkdir not in flight; initializing
119 silly resolveWithNewModule chalk@0.2.1 checking installable status
120 silly cache add args [ 'chalk@~0.2.0', null ]
121 verbose cache add spec chalk@~0.2.0
122 silly cache add parsed spec Result {
122 silly cache add   raw: 'chalk@~0.2.0',
122 silly cache add   scope: null,
122 silly cache add   escapedName: 'chalk',
122 silly cache add   name: 'chalk',
122 silly cache add   rawSpec: '~0.2.0',
122 silly cache add   spec: '>=0.2.0 <0.3.0',
122 silly cache add   type: 'range' }
123 silly addNamed chalk@>=0.2.0 <0.3.0
124 verbose addNamed ">=0.2.0 <0.3.0" is a valid semver range for chalk
125 silly addNameRange { name: 'chalk', range: '>=0.2.0 <0.3.0', hasData: false }
126 silly mapToRegistry name chalk
127 silly mapToRegistry using default registry
128 silly mapToRegistry registry https://registry.npmjs.org/
129 silly mapToRegistry data Result {
129 silly mapToRegistry   raw: 'chalk',
129 silly mapToRegistry   scope: null,
129 silly mapToRegistry   escapedName: 'chalk',
129 silly mapToRegistry   name: 'chalk',
129 silly mapToRegistry   rawSpec: '',
129 silly mapToRegistry   spec: 'latest',
129 silly mapToRegistry   type: 'tag' }
130 silly mapToRegistry uri https://registry.npmjs.org/chalk
131 verbose addNameRange registry:https://registry.npmjs.org/chalk not in flight; fetching
132 verbose get https://registry.npmjs.org/chalk not expired, no request
133 silly addNameRange number 2 { name: 'chalk', range: '>=0.2.0 <0.3.0', hasData: true }
134 silly addNameRange versions [ 'chalk',
134 silly addNameRange   [ '0.1.0',
134 silly addNameRange     '0.1.1',
134 silly addNameRange     '0.2.0',
134 silly addNameRange     '0.2.1',
134 silly addNameRange     '0.3.0',
134 silly addNameRange     '0.4.0',
134 silly addNameRange     '0.5.0',
134 silly addNameRange     '0.5.1',
134 silly addNameRange     '1.0.0',
134 silly addNameRange     '1.1.0',
134 silly addNameRange     '1.1.1',
134 silly addNameRange     '1.1.2',
134 silly addNameRange     '1.1.3',
134 silly addNameRange     '2.0.0',
134 silly addNameRange     '2.0.1' ] ]
135 silly addNamed chalk@0.2.1
136 verbose addNamed "0.2.1" is a plain semver version for chalk
137 silly cache afterAdd chalk@0.2.1
138 verbose afterAdd /Users/hsn/.npm/chalk/0.2.1/package/package.json not in flight; writing
139 verbose correctMkdir /Users/hsn/.npm correctMkdir not in flight; initializing
140 verbose afterAdd /Users/hsn/.npm/chalk/0.2.1/package/package.json written
141 silly fetchNamedPackageData ansi-styles
142 silly mapToRegistry name ansi-styles
143 silly mapToRegistry using default registry
144 silly mapToRegistry registry https://registry.npmjs.org/
145 silly mapToRegistry data Result {
145 silly mapToRegistry   raw: 'ansi-styles',
145 silly mapToRegistry   scope: null,
145 silly mapToRegistry   escapedName: 'ansi-styles',
145 silly mapToRegistry   name: 'ansi-styles',
145 silly mapToRegistry   rawSpec: '',
145 silly mapToRegistry   spec: 'latest',
145 silly mapToRegistry   type: 'tag' }
146 silly mapToRegistry uri https://registry.npmjs.org/ansi-styles
147 verbose request uri https://registry.npmjs.org/ansi-styles
148 verbose request no auth needed
149 info attempt registry request try #1 at 3:35:41 PM
150 verbose etag W/"597487bc-54a5"
151 verbose lastModified Sun, 23 Jul 2017 11:25:48 GMT
152 http request GET https://registry.npmjs.org/ansi-styles
153 http 304 https://registry.npmjs.org/ansi-styles
154 verbose headers { date: 'Sat, 05 Aug 2017 05:35:41 GMT',
154 verbose headers   via: '1.1 varnish',
154 verbose headers   'cache-control': 'max-age=300',
154 verbose headers   etag: 'W/"597487bc-54a5"',
154 verbose headers   age: '172',
154 verbose headers   connection: 'keep-alive',
154 verbose headers   'x-served-by': 'cache-mel6525-MEL',
154 verbose headers   'x-cache': 'HIT',
154 verbose headers   'x-cache-hits': '3',
154 verbose headers   'x-timer': 'S1501911341.162538,VS0,VE0',
154 verbose headers   vary: 'Accept-Encoding, Accept' }
155 silly get cb [ 304,
155 silly get   { date: 'Sat, 05 Aug 2017 05:35:41 GMT',
155 silly get     via: '1.1 varnish',
155 silly get     'cache-control': 'max-age=300',
155 silly get     etag: 'W/"597487bc-54a5"',
155 silly get     age: '172',
155 silly get     connection: 'keep-alive',
155 silly get     'x-served-by': 'cache-mel6525-MEL',
155 silly get     'x-cache': 'HIT',
155 silly get     'x-cache-hits': '3',
155 silly get     'x-timer': 'S1501911341.162538,VS0,VE0',
155 silly get     vary: 'Accept-Encoding, Accept' } ]
156 verbose etag https://registry.npmjs.org/ansi-styles from cache
157 verbose get saving ansi-styles to /Users/hsn/.npm/registry.npmjs.org/ansi-styles/.cache.json
158 verbose correctMkdir /Users/hsn/.npm correctMkdir not in flight; initializing
159 silly resolveWithNewModule ansi-styles@0.2.0 checking installable status
160 silly cache add args [ 'ansi-styles@~0.2.0', null ]
161 verbose cache add spec ansi-styles@~0.2.0
162 silly cache add parsed spec Result {
162 silly cache add   raw: 'ansi-styles@~0.2.0',
162 silly cache add   scope: null,
162 silly cache add   escapedName: 'ansi-styles',
162 silly cache add   name: 'ansi-styles',
162 silly cache add   rawSpec: '~0.2.0',
162 silly cache add   spec: '>=0.2.0 <0.3.0',
162 silly cache add   type: 'range' }
163 silly addNamed ansi-styles@>=0.2.0 <0.3.0
164 verbose addNamed ">=0.2.0 <0.3.0" is a valid semver range for ansi-styles
165 silly addNameRange { name: 'ansi-styles', range: '>=0.2.0 <0.3.0', hasData: false }
166 silly mapToRegistry name ansi-styles
167 silly mapToRegistry using default registry
168 silly mapToRegistry registry https://registry.npmjs.org/
169 silly mapToRegistry data Result {
169 silly mapToRegistry   raw: 'ansi-styles',
169 silly mapToRegistry   scope: null,
169 silly mapToRegistry   escapedName: 'ansi-styles',
169 silly mapToRegistry   name: 'ansi-styles',
169 silly mapToRegistry   rawSpec: '',
169 silly mapToRegistry   spec: 'latest',
169 silly mapToRegistry   type: 'tag' }
170 silly mapToRegistry uri https://registry.npmjs.org/ansi-styles
171 verbose addNameRange registry:https://registry.npmjs.org/ansi-styles not in flight; fetching
172 verbose get https://registry.npmjs.org/ansi-styles not expired, no request
173 silly addNameRange number 2 { name: 'ansi-styles', range: '>=0.2.0 <0.3.0', hasData: true }
174 silly addNameRange versions [ 'ansi-styles',
174 silly addNameRange   [ '0.1.0',
174 silly addNameRange     '0.1.1',
174 silly addNameRange     '0.1.2',
174 silly addNameRange     '0.2.0',
174 silly addNameRange     '1.0.0',
174 silly addNameRange     '1.1.0',
174 silly addNameRange     '2.0.0',
174 silly addNameRange     '2.0.1',
174 silly addNameRange     '2.1.0',
174 silly addNameRange     '2.2.1',
174 silly addNameRange     '3.0.0',
174 silly addNameRange     '3.1.0',
174 silly addNameRange     '3.2.0' ] ]
175 silly addNamed ansi-styles@0.2.0
176 verbose addNamed "0.2.0" is a plain semver version for ansi-styles
177 silly cache afterAdd ansi-styles@0.2.0
178 verbose afterAdd /Users/hsn/.npm/ansi-styles/0.2.0/package/package.json not in flight; writing
179 verbose correctMkdir /Users/hsn/.npm correctMkdir not in flight; initializing
180 verbose afterAdd /Users/hsn/.npm/ansi-styles/0.2.0/package/package.json written
181 silly loadAllDepsIntoIdealTree Finishing
182 silly loadIdealTree Finishing
183 silly currentTree hassan-so@0.0.0
183 silly currentTree ├── abbrev@1.1.0
183 silly currentTree ├── adm-zip@0.4.7
183 silly currentTree ├── ajv@4.11.8
183 silly currentTree ├── amdefine@1.0.1
183 silly currentTree ├── ansi-regex@2.1.1
183 silly currentTree ├── ansi-styles@0.1.2
183 silly currentTree ├─┬ argparse@0.1.16
183 silly currentTree │ └── underscore.string@2.4.0
183 silly currentTree ├── asn1@0.2.3
183 silly currentTree ├── assert-plus@0.2.0
183 silly currentTree ├── async@0.1.22
183 silly currentTree ├── asynckit@0.4.0
183 silly currentTree ├── autoprefixer@0.7.20130824
183 silly currentTree ├── aws-sign2@0.6.0
183 silly currentTree ├── aws4@1.6.0
183 silly currentTree ├── bcrypt-pbkdf@1.0.1
183 silly currentTree ├── bin-build@0.1.1
183 silly currentTree ├── bin-check@0.1.5
183 silly currentTree ├── bin-wrapper@0.3.4
183 silly currentTree ├─┬ bl@1.0.3
183 silly currentTree │ ├── isarray@1.0.0
183 silly currentTree │ └── readable-stream@2.0.6
183 silly currentTree ├── block-stream@0.0.9
183 silly currentTree ├── boom@2.10.1
183 silly currentTree ├── buffer-crc32@0.2.1
183 silly currentTree ├── bytes@0.2.0
183 silly currentTree ├── camelcase@1.2.1
183 silly currentTree ├── caseless@0.12.0
183 silly currentTree ├── chalk@0.1.1
183 silly currentTree ├── clean-css@1.1.7
183 silly currentTree ├── cli@0.4.5
183 silly currentTree ├── co@4.6.0
183 silly currentTree ├── coa@0.3.9
183 silly currentTree ├── coffee-script@1.3.3
183 silly currentTree ├── colors@0.6.2
183 silly currentTree ├── combined-stream@1.0.5
183 silly currentTree ├── commander@2.0.0
183 silly currentTree ├─┬ concat-stream@1.5.0
183 silly currentTree │ ├── isarray@1.0.0
183 silly currentTree │ └── readable-stream@2.0.6
183 silly currentTree ├── connect-livereload@0.2.0
183 silly currentTree ├── connect@2.7.11
183 silly currentTree ├── console-browserify@0.1.6
183 silly currentTree ├── cookie-signature@1.0.1
183 silly currentTree ├── cookie@0.0.5
183 silly currentTree ├── core-util-is@1.0.2
183 silly currentTree ├── cryptiles@2.0.5
183 silly currentTree ├── css-parse@1.5.3
183 silly currentTree ├── css-stringify@1.3.2
183 silly currentTree ├── dargs@0.1.0
183 silly currentTree ├─┬ dashdash@1.14.1
183 silly currentTree │ └── assert-plus@1.0.0
183 silly currentTree ├── dateformat@1.0.2-1.2.3
183 silly currentTree ├── debug@2.6.8
183 silly currentTree ├── decamelize@1.2.0
183 silly currentTree ├─┬ decompress@0.2.5
183 silly currentTree │ └── nopt@2.2.1
183 silly currentTree ├── delayed-stream@1.0.0
183 silly currentTree ├── diff@1.0.8
183 silly currentTree ├─┬ download@0.1.19
183 silly currentTree │ └── nopt@2.2.1
183 silly currentTree ├── duplexer@0.1.1
183 silly currentTree ├── each-async@0.1.3
183 silly currentTree ├── ecc-jsbn@0.1.1
183 silly currentTree ├── escape-string-regexp@1.0.5
183 silly currentTree ├── esprima@1.0.4
183 silly currentTree ├── eventemitter2@0.4.14
183 silly currentTree ├── executable@0.1.3
183 silly currentTree ├── exit@0.1.2
183 silly currentTree ├── ext-list@0.2.0
183 silly currentTree ├─┬ ext-name@1.0.1
183 silly currentTree │ └── underscore.string@2.3.3
183 silly currentTree ├── extend@3.0.1
183 silly currentTree ├─┬ extract-zip@1.5.0
183 silly currentTree │ ├── debug@0.7.4
183 silly currentTree │ └── mkdirp@0.5.0
183 silly currentTree ├── extsprintf@1.3.0
183 silly currentTree ├── faye-websocket@0.4.4
183 silly currentTree ├── fd-slicer@1.0.1
183 silly currentTree ├── filesize@1.10.0
183 silly currentTree ├── find-file@0.1.4
183 silly currentTree ├─┬ findup-sync@0.1.3
183 silly currentTree │ ├── glob@3.2.11
183 silly currentTree │ ├── lodash@2.4.2
183 silly currentTree │ └── minimatch@0.3.0
183 silly currentTree ├── forever-agent@0.6.1
183 silly currentTree ├── form-data@2.1.4
183 silly currentTree ├── formidable@1.0.14
183 silly currentTree ├── fresh@0.1.0
183 silly currentTree ├─┬ fs-extra@0.26.7
183 silly currentTree │ └── graceful-fs@4.1.11
183 silly currentTree ├─┬ fstream@0.1.31
183 silly currentTree │ ├── graceful-fs@3.0.11
183 silly currentTree │ └── mkdirp@0.5.1
183 silly currentTree ├── gaze@0.4.3
183 silly currentTree ├── generate-function@2.0.0
183 silly currentTree ├── generate-object-property@1.2.0
183 silly currentTree ├── get-stdin@0.1.0
183 silly currentTree ├── get-urls@0.1.2
183 silly currentTree ├── getobject@0.1.0
183 silly currentTree ├─┬ getpass@0.1.7
183 silly currentTree │ └── assert-plus@1.0.0
183 silly currentTree ├─┬ glob@3.1.21
183 silly currentTree │ └── inherits@1.0.2
183 silly currentTree ├─┬ globule@0.1.0
183 silly currentTree │ └── lodash@1.0.2
183 silly currentTree ├── got@0.2.0
183 silly currentTree ├── graceful-fs@1.2.3
183 silly currentTree ├── growl@1.8.1
183 silly currentTree ├── grunt-autoprefixer@0.2.20130806
183 silly currentTree ├── grunt-bower-install@0.5.2
183 silly currentTree ├── grunt-concurrent@0.3.1
183 silly currentTree ├── grunt-contrib-clean@0.5.0
183 silly currentTree ├─┬ grunt-contrib-compass@0.5.0
183 silly currentTree │ └── async@0.2.10
183 silly currentTree ├── grunt-contrib-concat@0.3.0
183 silly currentTree ├── grunt-contrib-connect@0.5.0
183 silly currentTree ├── grunt-contrib-copy@0.4.1
183 silly currentTree ├── grunt-contrib-cssmin@0.6.2
183 silly currentTree ├── grunt-contrib-htmlmin@0.1.3
183 silly currentTree ├── grunt-contrib-jshint@0.6.5
183 silly currentTree ├── grunt-contrib-uglify@0.2.7
183 silly currentTree ├── grunt-contrib-watch@0.5.3
183 silly currentTree ├─┬ grunt-legacy-log-utils@0.1.1
183 silly currentTree │ ├── lodash@2.4.2
183 silly currentTree │ └── underscore.string@2.3.3
183 silly currentTree ├─┬ grunt-legacy-log@0.1.3
183 silly currentTree │ ├── lodash@2.4.2
183 silly currentTree │ └── underscore.string@2.3.3
183 silly currentTree ├── grunt-legacy-util@0.2.0
183 silly currentTree ├── grunt-lib-contrib@0.6.1
183 silly currentTree ├── grunt-lib-phantomjs@0.7.1
183 silly currentTree ├─┬ grunt-mocha@0.4.15
183 silly currentTree │ └── lodash@3.10.1
183 silly currentTree ├── grunt-rev@0.1.0
183 silly currentTree ├─┬ grunt-svgmin@0.2.1
183 silly currentTree │ ├── ansi-styles@0.2.0
183 silly currentTree │ ├── chalk@0.3.0
183 silly currentTree │ └── filesize@2.0.4
183 silly currentTree ├─┬ grunt-usemin@2.0.2
183 silly currentTree │ ├── debug@0.7.4
183 silly currentTree │ └── lodash@1.0.2
183 silly currentTree ├── grunt@0.4.5
183 silly currentTree ├── har-schema@1.0.5
183 silly currentTree ├── har-validator@4.2.1
183 silly currentTree ├── has-ansi@2.0.0
183 silly currentTree ├── has-color@0.1.7
183 silly currentTree ├── hasha@2.2.0
183 silly currentTree ├── hawk@3.1.3
183 silly currentTree ├── hoek@2.16.3
183 silly currentTree ├── hooker@0.2.3
183 silly currentTree ├── html-minifier@0.5.6
183 silly currentTree ├── http-signature@1.1.1
183 silly currentTree ├── iconv-lite@0.2.11
183 silly currentTree ├── inherits@2.0.3
183 silly currentTree ├─┬ is-my-json-valid@2.16.0
183 silly currentTree │ └── xtend@4.0.1
183 silly currentTree ├── is-property@1.0.2
183 silly currentTree ├── is-stream@1.1.0
183 silly currentTree ├── is-typedarray@1.0.0
183 silly currentTree ├── isarray@0.0.1
183 silly currentTree ├── isexe@2.0.0
183 silly currentTree ├── isstream@0.1.2
183 silly currentTree ├─┬ jade@0.26.3
183 silly currentTree │ ├── commander@0.6.1
183 silly currentTree │ └── mkdirp@0.3.0
183 silly currentTree ├── jpegtran-bin@0.2.8
183 silly currentTree ├── js-yaml@2.0.5
183 silly currentTree ├── jsbn@0.1.1
183 silly currentTree ├─┬ jshint-stylish@0.1.5
183 silly currentTree │ ├── ansi-styles@1.0.0
183 silly currentTree │ ├── chalk@0.4.0
183 silly currentTree │ └── strip-ansi@0.1.1
183 silly currentTree ├─┬ jshint@2.1.11
183 silly currentTree │ └── underscore@1.4.4
183 silly currentTree ├── json-schema@0.2.3
183 silly currentTree ├── json-stable-stringify@1.0.1
183 silly currentTree ├── json-stringify-safe@5.0.1
183 silly currentTree ├─┬ jsonfile@2.4.0
183 silly currentTree │ └── graceful-fs@4.1.11
183 silly currentTree ├── jsonify@0.0.0
183 silly currentTree ├── jsonpointer@4.0.1
183 silly currentTree ├─┬ jsprim@1.4.1
183 silly currentTree │ └── assert-plus@1.0.0
183 silly currentTree ├── kew@0.7.0
183 silly currentTree ├─┬ klaw@1.3.1
183 silly currentTree │ └── graceful-fs@4.1.11
183 silly currentTree ├─┬ load-grunt-tasks@0.1.3
183 silly currentTree │ └── lodash@2.2.1
183 silly currentTree ├── lodash@0.9.2
183 silly currentTree ├─┬ log-symbols@1.0.2
183 silly currentTree │ ├── ansi-styles@2.2.1
183 silly currentTree │ └── chalk@1.1.3
183 silly currentTree ├── lpad@0.1.0
183 silly currentTree ├── lru-cache@2.7.3
183 silly currentTree ├── mime-db@1.29.0
183 silly currentTree ├── mime-types@2.1.16
183 silly currentTree ├── mime@1.2.11
183 silly currentTree ├── minimatch@0.2.14
183 silly currentTree ├── minimist@0.0.8
183 silly currentTree ├── mkdirp@0.3.5
183 silly currentTree ├─┬ mocha@1.21.5
183 silly currentTree │ ├── commander@2.3.0
183 silly currentTree │ ├── debug@2.0.0
183 silly currentTree │ ├── escape-string-regexp@1.0.2
183 silly currentTree │ ├── glob@3.2.3
183 silly currentTree │ ├── graceful-fs@2.0.3
183 silly currentTree │ ├── mkdirp@0.5.0
183 silly currentTree │ └── ms@0.6.2
183 silly currentTree ├── mout@0.9.1
183 silly currentTree ├── ms@2.0.0
183 silly currentTree ├── natives@1.1.0
183 silly currentTree ├── node-uuid@1.4.8
183 silly currentTree ├── nopt@1.0.10
183 silly currentTree ├─┬ noptify@0.0.3
183 silly currentTree │ └── nopt@2.0.0
183 silly currentTree ├── oauth-sign@0.8.2
183 silly currentTree ├── object-assign@0.3.1
183 silly currentTree ├── object-keys@0.4.0
183 silly currentTree ├── open@0.0.4
183 silly currentTree ├── optipng-bin@0.3.11
183 silly currentTree ├── package@1.0.1
183 silly currentTree ├── path-is-absolute@1.0.1
183 silly currentTree ├── pause@0.0.1
183 silly currentTree ├── pend@1.2.0
183 silly currentTree ├── performance-now@0.2.0
183 silly currentTree ├─┬ phantomjs@1.9.20
183 silly currentTree │ ├── ansi-styles@2.2.1
183 silly currentTree │ ├── async@2.5.0
183 silly currentTree │ ├── caseless@0.11.0
183 silly currentTree │ ├── chalk@1.1.3
183 silly currentTree │ ├── commander@2.11.0
183 silly currentTree │ ├── form-data@1.0.1
183 silly currentTree │ ├── har-validator@2.0.6
183 silly currentTree │ ├── lodash@4.17.4
183 silly currentTree │ ├── qs@5.2.1
183 silly currentTree │ ├── request@2.67.0
183 silly currentTree │ ├── tough-cookie@2.2.2
183 silly currentTree │ ├── tunnel-agent@0.4.3
183 silly currentTree │ └── which@1.2.14
183 silly currentTree ├── pinkie-promise@2.0.1
183 silly currentTree ├── pinkie@2.0.4
183 silly currentTree ├─┬ pngquant-bin@0.1.7
183 silly currentTree │ ├── ansi-styles@1.0.0
183 silly currentTree │ ├── bin-wrapper@0.2.4
183 silly currentTree │ ├── chalk@0.4.0
183 silly currentTree │ └── strip-ansi@0.1.1
183 silly currentTree ├── process-nextick-args@1.0.7
183 silly currentTree ├── progress@1.1.8
183 silly currentTree ├── punycode@1.4.1
183 silly currentTree ├── q@0.8.12
183 silly currentTree ├── qs@0.6.5
183 silly currentTree ├── range-parser@0.0.4
183 silly currentTree ├── readable-stream@1.0.34
183 silly currentTree ├── request-progress@2.0.1
183 silly currentTree ├─┬ request@2.81.0
183 silly currentTree │ ├── qs@6.4.0
183 silly currentTree │ └── uuid@3.1.0
183 silly currentTree ├── rimraf@2.2.8
183 silly currentTree ├── safe-buffer@5.1.1
183 silly currentTree ├── sax@0.5.8
183 silly currentTree ├── semver@4.3.6
183 silly currentTree ├── send@0.1.1
183 silly currentTree ├── shelljs@0.1.4
183 silly currentTree ├── sigmund@1.0.1
183 silly currentTree ├── sntp@1.0.9
183 silly currentTree ├── source-map@0.1.34
183 silly currentTree ├── sprintf-js@1.0.3
183 silly currentTree ├─┬ sshpk@1.13.1
183 silly currentTree │ └── assert-plus@1.0.0
183 silly currentTree ├── stream-combiner@0.0.4
183 silly currentTree ├── string_decoder@0.10.31
183 silly currentTree ├── stringstream@0.0.5
183 silly currentTree ├── strip-ansi@3.0.1
183 silly currentTree ├── supports-color@2.0.0
183 silly currentTree ├─┬ svgo@0.3.7
183 silly currentTree │ ├── argparse@1.0.9
183 silly currentTree │ ├── esprima@4.0.0
183 silly currentTree │ └── js-yaml@3.9.1
183 silly currentTree ├── tar@0.1.20
183 silly currentTree ├── tempfile@0.1.3
183 silly currentTree ├── temporary@0.0.8
183 silly currentTree ├── text-table@0.2.0
183 silly currentTree ├── throttleit@1.0.0
183 silly currentTree ├── through2@0.4.2
183 silly currentTree ├─┬ time-grunt@0.1.2
183 silly currentTree │ ├── ansi-styles@0.2.0
183 silly currentTree │ ├── chalk@0.3.0
183 silly currentTree │ └── ms@0.6.2
183 silly currentTree ├─┬ tiny-lr@0.0.4
183 silly currentTree │ ├── debug@0.7.4
183 silly currentTree │ └── qs@0.5.6
183 silly currentTree ├── tmp@0.0.21
183 silly currentTree ├── tough-cookie@2.3.2
183 silly currentTree ├── tunnel-agent@0.6.0
183 silly currentTree ├── tweetnacl@0.14.5
183 silly currentTree ├── typedarray@0.0.6
183 silly currentTree ├─┬ uglify-js@2.4.24
183 silly currentTree │ └── async@0.2.10
183 silly currentTree ├── uglify-to-browserify@1.0.2
183 silly currentTree ├── underscore.string@2.2.1
183 silly currentTree ├── underscore@1.7.0
183 silly currentTree ├── util-deprecate@1.0.2
183 silly currentTree ├── uuid@1.4.2
183 silly currentTree ├─┬ verror@1.10.0
183 silly currentTree │ └── assert-plus@1.0.0
183 silly currentTree ├── whet.extend@0.9.9
183 silly currentTree ├── which@1.0.9
183 silly currentTree ├── window-size@0.1.0
183 silly currentTree ├─┬ wiredep@0.2.0
183 silly currentTree │ └── lodash@1.3.1
183 silly currentTree ├── wordwrap@0.0.2
183 silly currentTree ├── xtend@2.1.2
183 silly currentTree ├── yargs@3.5.4
183 silly currentTree ├── yauzl@2.4.1
183 silly currentTree └── zlib-browserify@0.0.1
184 silly idealTree hassan-so@0.0.0
184 silly idealTree ├── abbrev@1.1.0
184 silly idealTree ├── adm-zip@0.4.7
184 silly idealTree ├── ajv@4.11.8
184 silly idealTree ├── amdefine@1.0.1
184 silly idealTree ├── ansi-regex@2.1.1
184 silly idealTree ├── ansi-styles@0.1.2
184 silly idealTree ├─┬ argparse@0.1.16
184 silly idealTree │ └── underscore.string@2.4.0
184 silly idealTree ├── asn1@0.2.3
184 silly idealTree ├── assert-plus@0.2.0
184 silly idealTree ├── async@0.1.22
184 silly idealTree ├── asynckit@0.4.0
184 silly idealTree ├── autoprefixer@0.7.20130824
184 silly idealTree ├── aws-sign2@0.6.0
184 silly idealTree ├── aws4@1.6.0
184 silly idealTree ├── bcrypt-pbkdf@1.0.1
184 silly idealTree ├── bin-build@0.1.1
184 silly idealTree ├── bin-check@0.1.5
184 silly idealTree ├── bin-wrapper@0.3.4
184 silly idealTree ├─┬ bl@1.0.3
184 silly idealTree │ ├── isarray@1.0.0
184 silly idealTree │ └── readable-stream@2.0.6
184 silly idealTree ├── block-stream@0.0.9
184 silly idealTree ├── boom@2.10.1
184 silly idealTree ├── buffer-crc32@0.2.1
184 silly idealTree ├── bytes@0.2.0
184 silly idealTree ├── camelcase@1.2.1
184 silly idealTree ├── caseless@0.12.0
184 silly idealTree ├── chalk@0.1.1
184 silly idealTree ├── clean-css@1.1.7
184 silly idealTree ├── cli@0.4.5
184 silly idealTree ├── co@4.6.0
184 silly idealTree ├── coa@0.3.9
184 silly idealTree ├── coffee-script@1.3.3
184 silly idealTree ├── colors@0.6.2
184 silly idealTree ├── combined-stream@1.0.5
184 silly idealTree ├── commander@2.0.0
184 silly idealTree ├─┬ concat-stream@1.5.0
184 silly idealTree │ ├── isarray@1.0.0
184 silly idealTree │ └── readable-stream@2.0.6
184 silly idealTree ├── connect-livereload@0.2.0
184 silly idealTree ├── connect@2.7.11
184 silly idealTree ├── console-browserify@0.1.6
184 silly idealTree ├── cookie-signature@1.0.1
184 silly idealTree ├── cookie@0.0.5
184 silly idealTree ├── core-util-is@1.0.2
184 silly idealTree ├── cryptiles@2.0.5
184 silly idealTree ├── css-parse@1.5.3
184 silly idealTree ├── css-stringify@1.3.2
184 silly idealTree ├── dargs@0.1.0
184 silly idealTree ├─┬ dashdash@1.14.1
184 silly idealTree │ └── assert-plus@1.0.0
184 silly idealTree ├── dateformat@1.0.2-1.2.3
184 silly idealTree ├── debug@2.6.8
184 silly idealTree ├── decamelize@1.2.0
184 silly idealTree ├─┬ decompress@0.2.5
184 silly idealTree │ └── nopt@2.2.1
184 silly idealTree ├── delayed-stream@1.0.0
184 silly idealTree ├── diff@1.0.8
184 silly idealTree ├─┬ download@0.1.19
184 silly idealTree │ └── nopt@2.2.1
184 silly idealTree ├── duplexer@0.1.1
184 silly idealTree ├── each-async@0.1.3
184 silly idealTree ├── ecc-jsbn@0.1.1
184 silly idealTree ├── escape-string-regexp@1.0.5
184 silly idealTree ├── esprima@1.0.4
184 silly idealTree ├── eventemitter2@0.4.14
184 silly idealTree ├── executable@0.1.3
184 silly idealTree ├── exit@0.1.2
184 silly idealTree ├── ext-list@0.2.0
184 silly idealTree ├─┬ ext-name@1.0.1
184 silly idealTree │ └── underscore.string@2.3.3
184 silly idealTree ├── extend@3.0.1
184 silly idealTree ├─┬ extract-zip@1.5.0
184 silly idealTree │ ├── debug@0.7.4
184 silly idealTree │ └── mkdirp@0.5.0
184 silly idealTree ├── extsprintf@1.3.0
184 silly idealTree ├── faye-websocket@0.4.4
184 silly idealTree ├── fd-slicer@1.0.1
184 silly idealTree ├── filesize@1.10.0
184 silly idealTree ├── find-file@0.1.4
184 silly idealTree ├─┬ findup-sync@0.1.3
184 silly idealTree │ ├── glob@3.2.11
184 silly idealTree │ ├── lodash@2.4.2
184 silly idealTree │ └── minimatch@0.3.0
184 silly idealTree ├── forever-agent@0.6.1
184 silly idealTree ├── form-data@2.1.4
184 silly idealTree ├── formidable@1.0.14
184 silly idealTree ├── fresh@0.1.0
184 silly idealTree ├─┬ fs-extra@0.26.7
184 silly idealTree │ └── graceful-fs@4.1.11
184 silly idealTree ├─┬ fstream@0.1.31
184 silly idealTree │ ├── graceful-fs@3.0.11
184 silly idealTree │ └── mkdirp@0.5.1
184 silly idealTree ├── gaze@0.4.3
184 silly idealTree ├── generate-function@2.0.0
184 silly idealTree ├── generate-object-property@1.2.0
184 silly idealTree ├── get-stdin@0.1.0
184 silly idealTree ├── get-urls@0.1.2
184 silly idealTree ├── getobject@0.1.0
184 silly idealTree ├─┬ getpass@0.1.7
184 silly idealTree │ └── assert-plus@1.0.0
184 silly idealTree ├── gifsicle@0.1.7
184 silly idealTree ├─┬ glob@3.1.21
184 silly idealTree │ └── inherits@1.0.2
184 silly idealTree ├─┬ globule@0.1.0
184 silly idealTree │ └── lodash@1.0.2
184 silly idealTree ├── got@0.2.0
184 silly idealTree ├── graceful-fs@1.2.3
184 silly idealTree ├── growl@1.8.1
184 silly idealTree ├── grunt-autoprefixer@0.2.20130806
184 silly idealTree ├── grunt-bower-install@0.5.2
184 silly idealTree ├── grunt-concurrent@0.3.1
184 silly idealTree ├── grunt-contrib-clean@0.5.0
184 silly idealTree ├─┬ grunt-contrib-compass@0.5.0
184 silly idealTree │ └── async@0.2.10
184 silly idealTree ├── grunt-contrib-concat@0.3.0
184 silly idealTree ├── grunt-contrib-connect@0.5.0
184 silly idealTree ├── grunt-contrib-copy@0.4.1
184 silly idealTree ├── grunt-contrib-cssmin@0.6.2
184 silly idealTree ├── grunt-contrib-htmlmin@0.1.3
184 silly idealTree ├─┬ grunt-contrib-imagemin@0.2.1
184 silly idealTree │ ├── ansi-styles@0.2.0
184 silly idealTree │ └── chalk@0.2.1
184 silly idealTree ├── grunt-contrib-jshint@0.6.5
184 silly idealTree ├── grunt-contrib-uglify@0.2.7
184 silly idealTree ├── grunt-contrib-watch@0.5.3
184 silly idealTree ├─┬ grunt-legacy-log-utils@0.1.1
184 silly idealTree │ ├── lodash@2.4.2
184 silly idealTree │ └── underscore.string@2.3.3
184 silly idealTree ├─┬ grunt-legacy-log@0.1.3
184 silly idealTree │ ├── lodash@2.4.2
184 silly idealTree │ └── underscore.string@2.3.3
184 silly idealTree ├── grunt-legacy-util@0.2.0
184 silly idealTree ├── grunt-lib-contrib@0.6.1
184 silly idealTree ├── grunt-lib-phantomjs@0.7.1
184 silly idealTree ├─┬ grunt-mocha@0.4.15
184 silly idealTree │ └── lodash@3.10.1
184 silly idealTree ├── grunt-rev@0.1.0
184 silly idealTree ├─┬ grunt-svgmin@0.2.1
184 silly idealTree │ ├── ansi-styles@0.2.0
184 silly idealTree │ ├── chalk@0.3.0
184 silly idealTree │ └── filesize@2.0.4
184 silly idealTree ├─┬ grunt-usemin@2.0.2
184 silly idealTree │ ├── debug@0.7.4
184 silly idealTree │ └── lodash@1.0.2
184 silly idealTree ├── grunt@0.4.5
184 silly idealTree ├── har-schema@1.0.5
184 silly idealTree ├── har-validator@4.2.1
184 silly idealTree ├── has-ansi@2.0.0
184 silly idealTree ├── has-color@0.1.7
184 silly idealTree ├── hasha@2.2.0
184 silly idealTree ├── hawk@3.1.3
184 silly idealTree ├── hoek@2.16.3
184 silly idealTree ├── hooker@0.2.3
184 silly idealTree ├── html-minifier@0.5.6
184 silly idealTree ├── http-signature@1.1.1
184 silly idealTree ├── iconv-lite@0.2.11
184 silly idealTree ├── inherits@2.0.3
184 silly idealTree ├─┬ is-my-json-valid@2.16.0
184 silly idealTree │ └── xtend@4.0.1
184 silly idealTree ├── is-property@1.0.2
184 silly idealTree ├── is-stream@1.1.0
184 silly idealTree ├── is-typedarray@1.0.0
184 silly idealTree ├── isarray@0.0.1
184 silly idealTree ├── isexe@2.0.0
184 silly idealTree ├── isstream@0.1.2
184 silly idealTree ├─┬ jade@0.26.3
184 silly idealTree │ ├── commander@0.6.1
184 silly idealTree │ └── mkdirp@0.3.0
184 silly idealTree ├── jpegtran-bin@0.2.8
184 silly idealTree ├── js-yaml@2.0.5
184 silly idealTree ├── jsbn@0.1.1
184 silly idealTree ├─┬ jshint-stylish@0.1.5
184 silly idealTree │ ├── ansi-styles@1.0.0
184 silly idealTree │ ├── chalk@0.4.0
184 silly idealTree │ └── strip-ansi@0.1.1
184 silly idealTree ├─┬ jshint@2.1.11
184 silly idealTree │ └── underscore@1.4.4
184 silly idealTree ├── json-schema@0.2.3
184 silly idealTree ├── json-stable-stringify@1.0.1
184 silly idealTree ├── json-stringify-safe@5.0.1
184 silly idealTree ├─┬ jsonfile@2.4.0
184 silly idealTree │ └── graceful-fs@4.1.11
184 silly idealTree ├── jsonify@0.0.0
184 silly idealTree ├── jsonpointer@4.0.1
184 silly idealTree ├─┬ jsprim@1.4.1
184 silly idealTree │ └── assert-plus@1.0.0
184 silly idealTree ├── kew@0.7.0
184 silly idealTree ├─┬ klaw@1.3.1
184 silly idealTree │ └── graceful-fs@4.1.11
184 silly idealTree ├─┬ load-grunt-tasks@0.1.3
184 silly idealTree │ └── lodash@2.2.1
184 silly idealTree ├── lodash@0.9.2
184 silly idealTree ├─┬ log-symbols@1.0.2
184 silly idealTree │ ├── ansi-styles@2.2.1
184 silly idealTree │ └── chalk@1.1.3
184 silly idealTree ├── lpad@0.1.0
184 silly idealTree ├── lru-cache@2.7.3
184 silly idealTree ├── mime-db@1.29.0
184 silly idealTree ├── mime-types@2.1.16
184 silly idealTree ├── mime@1.2.11
184 silly idealTree ├── minimatch@0.2.14
184 silly idealTree ├── minimist@0.0.8
184 silly idealTree ├── mkdirp@0.3.5
184 silly idealTree ├─┬ mocha@1.21.5
184 silly idealTree │ ├── commander@2.3.0
184 silly idealTree │ ├── debug@2.0.0
184 silly idealTree │ ├── escape-string-regexp@1.0.2
184 silly idealTree │ ├── glob@3.2.3
184 silly idealTree │ ├── graceful-fs@2.0.3
184 silly idealTree │ ├── mkdirp@0.5.0
184 silly idealTree │ └── ms@0.6.2
184 silly idealTree ├── mout@0.9.1
184 silly idealTree ├── ms@2.0.0
184 silly idealTree ├── natives@1.1.0
184 silly idealTree ├── node-uuid@1.4.8
184 silly idealTree ├── nopt@1.0.10
184 silly idealTree ├─┬ noptify@0.0.3
184 silly idealTree │ └── nopt@2.0.0
184 silly idealTree ├── oauth-sign@0.8.2
184 silly idealTree ├── object-assign@0.3.1
184 silly idealTree ├── object-keys@0.4.0
184 silly idealTree ├── open@0.0.4
184 silly idealTree ├── optipng-bin@0.3.11
184 silly idealTree ├── package@1.0.1
184 silly idealTree ├── path-is-absolute@1.0.1
184 silly idealTree ├── pause@0.0.1
184 silly idealTree ├── pend@1.2.0
184 silly idealTree ├── performance-now@0.2.0
184 silly idealTree ├─┬ phantomjs@1.9.20
184 silly idealTree │ ├── ansi-styles@2.2.1
184 silly idealTree │ ├── async@2.5.0
184 silly idealTree │ ├── caseless@0.11.0
184 silly idealTree │ ├── chalk@1.1.3
184 silly idealTree │ ├── commander@2.11.0
184 silly idealTree │ ├── form-data@1.0.1
184 silly idealTree │ ├── har-validator@2.0.6
184 silly idealTree │ ├── lodash@4.17.4
184 silly idealTree │ ├── qs@5.2.1
184 silly idealTree │ ├── request@2.67.0
184 silly idealTree │ ├── tough-cookie@2.2.2
184 silly idealTree │ ├── tunnel-agent@0.4.3
184 silly idealTree │ └── which@1.2.14
184 silly idealTree ├── pinkie-promise@2.0.1
184 silly idealTree ├── pinkie@2.0.4
184 silly idealTree ├─┬ pngquant-bin@0.1.7
184 silly idealTree │ ├── ansi-styles@1.0.0
184 silly idealTree │ ├── bin-wrapper@0.2.4
184 silly idealTree │ ├── chalk@0.4.0
184 silly idealTree │ └── strip-ansi@0.1.1
184 silly idealTree ├── process-nextick-args@1.0.7
184 silly idealTree ├── progress@1.1.8
184 silly idealTree ├── punycode@1.4.1
184 silly idealTree ├── q@0.8.12
184 silly idealTree ├── qs@0.6.5
184 silly idealTree ├── range-parser@0.0.4
184 silly idealTree ├── readable-stream@1.0.34
184 silly idealTree ├── request-progress@2.0.1
184 silly idealTree ├─┬ request@2.81.0
184 silly idealTree │ ├── qs@6.4.0
184 silly idealTree │ └── uuid@3.1.0
184 silly idealTree ├── rimraf@2.2.8
184 silly idealTree ├── safe-buffer@5.1.1
184 silly idealTree ├── sax@0.5.8
184 silly idealTree ├── semver@4.3.6
184 silly idealTree ├── send@0.1.1
184 silly idealTree ├── shelljs@0.1.4
184 silly idealTree ├── sigmund@1.0.1
184 silly idealTree ├── sntp@1.0.9
184 silly idealTree ├── source-map@0.1.34
184 silly idealTree ├── sprintf-js@1.0.3
184 silly idealTree ├─┬ sshpk@1.13.1
184 silly idealTree │ └── assert-plus@1.0.0
184 silly idealTree ├── stream-combiner@0.0.4
184 silly idealTree ├── string_decoder@0.10.31
184 silly idealTree ├── stringstream@0.0.5
184 silly idealTree ├── strip-ansi@3.0.1
184 silly idealTree ├── supports-color@2.0.0
184 silly idealTree ├─┬ svgo@0.3.7
184 silly idealTree │ ├── argparse@1.0.9
184 silly idealTree │ ├── esprima@4.0.0
184 silly idealTree │ └── js-yaml@3.9.1
184 silly idealTree ├── tar@0.1.20
184 silly idealTree ├── tempfile@0.1.3
184 silly idealTree ├── temporary@0.0.8
184 silly idealTree ├── text-table@0.2.0
184 silly idealTree ├── throttleit@1.0.0
184 silly idealTree ├── through2@0.4.2
184 silly idealTree ├─┬ time-grunt@0.1.2
184 silly idealTree │ ├── ansi-styles@0.2.0
184 silly idealTree │ ├── chalk@0.3.0
184 silly idealTree │ └── ms@0.6.2
184 silly idealTree ├─┬ tiny-lr@0.0.4
184 silly idealTree │ ├── debug@0.7.4
184 silly idealTree │ └── qs@0.5.6
184 silly idealTree ├── tmp@0.0.21
184 silly idealTree ├── tough-cookie@2.3.2
184 silly idealTree ├── tunnel-agent@0.6.0
184 silly idealTree ├── tweetnacl@0.14.5
184 silly idealTree ├── typedarray@0.0.6
184 silly idealTree ├─┬ uglify-js@2.4.24
184 silly idealTree │ └── async@0.2.10
184 silly idealTree ├── uglify-to-browserify@1.0.2
184 silly idealTree ├── underscore.string@2.2.1
184 silly idealTree ├── underscore@1.7.0
184 silly idealTree ├── util-deprecate@1.0.2
184 silly idealTree ├── uuid@1.4.2
184 silly idealTree ├─┬ verror@1.10.0
184 silly idealTree │ └── assert-plus@1.0.0
184 silly idealTree ├── whet.extend@0.9.9
184 silly idealTree ├── which@1.0.9
184 silly idealTree ├── window-size@0.1.0
184 silly idealTree ├─┬ wiredep@0.2.0
184 silly idealTree │ └── lodash@1.3.1
184 silly idealTree ├── wordwrap@0.0.2
184 silly idealTree ├── xtend@2.1.2
184 silly idealTree ├── yargs@3.5.4
184 silly idealTree ├── yauzl@2.4.1
184 silly idealTree └── zlib-browserify@0.0.1
185 silly generateActionsToTake Starting
186 silly install generateActionsToTake
187 silly generateActionsToTake Finishing
188 silly diffTrees action count 4
189 silly diffTrees add ansi-styles@0.2.0
190 silly diffTrees add gifsicle@0.1.7
191 silly diffTrees add chalk@0.2.1
192 silly diffTrees add grunt-contrib-imagemin@0.2.1
193 silly decomposeActions action count 32
194 silly decomposeActions fetch ansi-styles@0.2.0
195 silly decomposeActions extract ansi-styles@0.2.0
196 silly decomposeActions test ansi-styles@0.2.0
197 silly decomposeActions preinstall ansi-styles@0.2.0
198 silly decomposeActions build ansi-styles@0.2.0
199 silly decomposeActions install ansi-styles@0.2.0
200 silly decomposeActions postinstall ansi-styles@0.2.0
201 silly decomposeActions finalize ansi-styles@0.2.0
202 silly decomposeActions fetch gifsicle@0.1.7
203 silly decomposeActions extract gifsicle@0.1.7
204 silly decomposeActions test gifsicle@0.1.7
205 silly decomposeActions preinstall gifsicle@0.1.7
206 silly decomposeActions build gifsicle@0.1.7
207 silly decomposeActions install gifsicle@0.1.7
208 silly decomposeActions postinstall gifsicle@0.1.7
209 silly decomposeActions finalize gifsicle@0.1.7
210 silly decomposeActions fetch chalk@0.2.1
211 silly decomposeActions extract chalk@0.2.1
212 silly decomposeActions test chalk@0.2.1
213 silly decomposeActions preinstall chalk@0.2.1
214 silly decomposeActions build chalk@0.2.1
215 silly decomposeActions install chalk@0.2.1
216 silly decomposeActions postinstall chalk@0.2.1
217 silly decomposeActions finalize chalk@0.2.1
218 silly decomposeActions fetch grunt-contrib-imagemin@0.2.1
219 silly decomposeActions extract grunt-contrib-imagemin@0.2.1
220 silly decomposeActions test grunt-contrib-imagemin@0.2.1
221 silly decomposeActions preinstall grunt-contrib-imagemin@0.2.1
222 silly decomposeActions build grunt-contrib-imagemin@0.2.1
223 silly decomposeActions install grunt-contrib-imagemin@0.2.1
224 silly decomposeActions postinstall grunt-contrib-imagemin@0.2.1
225 silly decomposeActions finalize grunt-contrib-imagemin@0.2.1
226 silly runTopLevelLifecycles Starting
227 silly executeActions Starting
228 silly install executeActions
229 silly doSerial global-install 0
230 silly doParallel fetch 4
231 verbose correctMkdir /Users/hsn/.npm/_locks correctMkdir not in flight; initializing
232 verbose lock using /Users/hsn/.npm/_locks/staging-a453370335e5f79b.lock for /Users/hsn/Documents/dev/hassan.so/node_modules/.staging
233 silly doParallel extract 4
234 silly extract ansi-styles@0.2.0
235 silly extract gifsicle@0.1.7
236 silly extract chalk@0.2.1
237 silly extract grunt-contrib-imagemin@0.2.1
238 verbose unbuild node_modules/.staging/ansi-styles-7b08679a
239 verbose unbuild node_modules/.staging/chalk-90295bcb
240 verbose unbuild node_modules/.staging/grunt-contrib-imagemin-74ac9211
241 verbose unbuild node_modules/.staging/gifsicle-ec19dca8
242 silly gentlyRm /Users/hsn/Documents/dev/hassan.so/node_modules/.staging/ansi-styles-7b08679a is being purged from base /Users/hsn/Documents/dev/hassan.so
243 verbose gentlyRm don't care about contents; nuking /Users/hsn/Documents/dev/hassan.so/node_modules/.staging/ansi-styles-7b08679a
244 silly gentlyRm /Users/hsn/Documents/dev/hassan.so/node_modules/.staging/chalk-90295bcb is being purged from base /Users/hsn/Documents/dev/hassan.so
245 verbose gentlyRm don't care about contents; nuking /Users/hsn/Documents/dev/hassan.so/node_modules/.staging/chalk-90295bcb
246 silly gentlyRm /Users/hsn/Documents/dev/hassan.so/node_modules/.staging/grunt-contrib-imagemin-74ac9211 is being purged from base /Users/hsn/Documents/dev/hassan.so
247 verbose gentlyRm don't care about contents; nuking /Users/hsn/Documents/dev/hassan.so/node_modules/.staging/grunt-contrib-imagemin-74ac9211
248 verbose tar unpack /Users/hsn/.npm/ansi-styles/0.2.0/package.tgz
249 verbose tar unpacking to /Users/hsn/Documents/dev/hassan.so/node_modules/.staging/ansi-styles-7b08679a
250 silly gentlyRm /Users/hsn/Documents/dev/hassan.so/node_modules/.staging/ansi-styles-7b08679a is being purged
251 verbose gentlyRm don't care about contents; nuking /Users/hsn/Documents/dev/hassan.so/node_modules/.staging/ansi-styles-7b08679a
252 silly gentlyRm /Users/hsn/Documents/dev/hassan.so/node_modules/.staging/gifsicle-ec19dca8 is being purged from base /Users/hsn/Documents/dev/hassan.so
253 verbose gentlyRm don't care about contents; nuking /Users/hsn/Documents/dev/hassan.so/node_modules/.staging/gifsicle-ec19dca8
254 verbose tar unpack /Users/hsn/.npm/chalk/0.2.1/package.tgz
255 verbose tar unpacking to /Users/hsn/Documents/dev/hassan.so/node_modules/.staging/chalk-90295bcb
256 silly gentlyRm /Users/hsn/Documents/dev/hassan.so/node_modules/.staging/chalk-90295bcb is being purged
257 verbose gentlyRm don't care about contents; nuking /Users/hsn/Documents/dev/hassan.so/node_modules/.staging/chalk-90295bcb
258 verbose tar unpack /Users/hsn/.npm/grunt-contrib-imagemin/0.2.1/package.tgz
259 verbose tar unpacking to /Users/hsn/Documents/dev/hassan.so/node_modules/.staging/grunt-contrib-imagemin-74ac9211
260 silly gentlyRm /Users/hsn/Documents/dev/hassan.so/node_modules/.staging/grunt-contrib-imagemin-74ac9211 is being purged
261 verbose gentlyRm don't care about contents; nuking /Users/hsn/Documents/dev/hassan.so/node_modules/.staging/grunt-contrib-imagemin-74ac9211
262 silly gunzTarPerm modes [ '755', '644' ]
263 verbose tar unpack /Users/hsn/.npm/gifsicle/0.1.7/package.tgz
264 verbose tar unpacking to /Users/hsn/Documents/dev/hassan.so/node_modules/.staging/gifsicle-ec19dca8
265 silly gentlyRm /Users/hsn/Documents/dev/hassan.so/node_modules/.staging/gifsicle-ec19dca8 is being purged
266 verbose gentlyRm don't care about contents; nuking /Users/hsn/Documents/dev/hassan.so/node_modules/.staging/gifsicle-ec19dca8
267 silly gunzTarPerm modes [ '755', '644' ]
268 silly gunzTarPerm modes [ '755', '644' ]
269 silly gunzTarPerm modes [ '755', '644' ]
270 silly gunzTarPerm extractEntry package.json
271 silly gunzTarPerm extractEntry package.json
272 silly gunzTarPerm extractEntry package.json
273 silly gunzTarPerm extractEntry package.json
274 silly gunzTarPerm modified mode [ 'package.json', 438, 420 ]
275 silly gunzTarPerm extractEntry ansi-styles.js
276 silly gunzTarPerm extractEntry readme.md
277 silly gunzTarPerm extractEntry chalk.js
278 silly gunzTarPerm extractEntry readme.md
279 silly gunzTarPerm extractEntry README.md
280 silly gunzTarPerm extractEntry tasks/imagemin.js
281 silly gunzTarPerm extractEntry README.md
282 silly gunzTarPerm modified mode [ 'README.md', 438, 420 ]
283 silly gunzTarPerm extractEntry cli.js
284 silly gunzTarPerm modified mode [ 'cli.js', 438, 420 ]
285 silly gunzTarPerm extractEntry index.js
286 silly gunzTarPerm modified mode [ 'index.js', 438, 420 ]
287 silly gentlyRm /Users/hsn/Documents/dev/hassan.so/node_modules/.staging/chalk-90295bcb/node_modules is being purged
288 verbose gentlyRm don't care about contents; nuking /Users/hsn/Documents/dev/hassan.so/node_modules/.staging/chalk-90295bcb/node_modules
289 silly gentlyRm /Users/hsn/Documents/dev/hassan.so/node_modules/.staging/ansi-styles-7b08679a/node_modules is being purged
290 verbose gentlyRm don't care about contents; nuking /Users/hsn/Documents/dev/hassan.so/node_modules/.staging/ansi-styles-7b08679a/node_modules
291 silly gentlyRm /Users/hsn/Documents/dev/hassan.so/node_modules/.staging/grunt-contrib-imagemin-74ac9211/node_modules is being purged
292 verbose gentlyRm don't care about contents; nuking /Users/hsn/Documents/dev/hassan.so/node_modules/.staging/grunt-contrib-imagemin-74ac9211/node_modules
293 silly gentlyRm /Users/hsn/Documents/dev/hassan.so/node_modules/.staging/gifsicle-ec19dca8/node_modules is being purged
294 verbose gentlyRm don't care about contents; nuking /Users/hsn/Documents/dev/hassan.so/node_modules/.staging/gifsicle-ec19dca8/node_modules
295 silly doParallel preinstall 4
296 silly preinstall ansi-styles@0.2.0 /Users/hsn/Documents/dev/hassan.so/node_modules/.staging/ansi-styles-7b08679a
297 info lifecycle ansi-styles@0.2.0~preinstall: ansi-styles@0.2.0
298 silly preinstall gifsicle@0.1.7 /Users/hsn/Documents/dev/hassan.so/node_modules/.staging/gifsicle-ec19dca8
299 info lifecycle gifsicle@0.1.7~preinstall: gifsicle@0.1.7
300 silly preinstall chalk@0.2.1 /Users/hsn/Documents/dev/hassan.so/node_modules/.staging/chalk-90295bcb
301 info lifecycle chalk@0.2.1~preinstall: chalk@0.2.1
302 silly preinstall grunt-contrib-imagemin@0.2.1 /Users/hsn/Documents/dev/hassan.so/node_modules/.staging/grunt-contrib-imagemin-74ac9211
303 info lifecycle grunt-contrib-imagemin@0.2.1~preinstall: grunt-contrib-imagemin@0.2.1
304 silly lifecycle ansi-styles@0.2.0~preinstall: no script for preinstall, continuing
305 silly lifecycle gifsicle@0.1.7~preinstall: no script for preinstall, continuing
306 silly lifecycle chalk@0.2.1~preinstall: no script for preinstall, continuing
307 silly lifecycle grunt-contrib-imagemin@0.2.1~preinstall: no script for preinstall, continuing
308 silly doReverseSerial remove 0
309 silly doSerial move 0
310 silly doSerial finalize 4
311 silly finalize /Users/hsn/Documents/dev/hassan.so/node_modules/grunt-contrib-imagemin/node_modules/ansi-styles
312 silly finalize /Users/hsn/Documents/dev/hassan.so/node_modules/gifsicle
313 silly finalize /Users/hsn/Documents/dev/hassan.so/node_modules/grunt-contrib-imagemin/node_modules/chalk
314 silly finalize /Users/hsn/Documents/dev/hassan.so/node_modules/grunt-contrib-imagemin
315 silly doSerial build 4
316 silly build ansi-styles@0.2.0
317 info linkStuff ansi-styles@0.2.0
318 silly linkStuff ansi-styles@0.2.0 has /Users/hsn/Documents/dev/hassan.so/node_modules/grunt-contrib-imagemin/node_modules as its parent node_modules
319 verbose linkBins ansi-styles@0.2.0
320 verbose linkMans ansi-styles@0.2.0
321 silly build gifsicle@0.1.7
322 info linkStuff gifsicle@0.1.7
323 silly linkStuff gifsicle@0.1.7 has /Users/hsn/Documents/dev/hassan.so/node_modules as its parent node_modules
324 verbose linkBins gifsicle@0.1.7
325 verbose link bins [ { gifsicle: 'cli.js' },
325 verbose link bins   '/Users/hsn/Documents/dev/hassan.so/node_modules/.bin',
325 verbose link bins   false ]
326 verbose linkMans gifsicle@0.1.7
327 silly build chalk@0.2.1
328 info linkStuff chalk@0.2.1
329 silly linkStuff chalk@0.2.1 has /Users/hsn/Documents/dev/hassan.so/node_modules/grunt-contrib-imagemin/node_modules as its parent node_modules
330 verbose linkBins chalk@0.2.1
331 verbose linkMans chalk@0.2.1
332 silly build grunt-contrib-imagemin@0.2.1
333 info linkStuff grunt-contrib-imagemin@0.2.1
334 silly linkStuff grunt-contrib-imagemin@0.2.1 has /Users/hsn/Documents/dev/hassan.so/node_modules as its parent node_modules
335 verbose linkBins grunt-contrib-imagemin@0.2.1
336 verbose linkMans grunt-contrib-imagemin@0.2.1
337 silly doSerial global-link 0
338 silly doParallel update-linked 0
339 silly doSerial install 4
340 silly install ansi-styles@0.2.0 /Users/hsn/Documents/dev/hassan.so/node_modules/.staging/ansi-styles-7b08679a
341 info lifecycle ansi-styles@0.2.0~install: ansi-styles@0.2.0
342 silly lifecycle ansi-styles@0.2.0~install: no script for install, continuing
343 silly install gifsicle@0.1.7 /Users/hsn/Documents/dev/hassan.so/node_modules/.staging/gifsicle-ec19dca8
344 info lifecycle gifsicle@0.1.7~install: gifsicle@0.1.7
345 silly lifecycle gifsicle@0.1.7~install: no script for install, continuing
346 silly install chalk@0.2.1 /Users/hsn/Documents/dev/hassan.so/node_modules/.staging/chalk-90295bcb
347 info lifecycle chalk@0.2.1~install: chalk@0.2.1
348 silly lifecycle chalk@0.2.1~install: no script for install, continuing
349 silly install grunt-contrib-imagemin@0.2.1 /Users/hsn/Documents/dev/hassan.so/node_modules/.staging/grunt-contrib-imagemin-74ac9211
350 info lifecycle grunt-contrib-imagemin@0.2.1~install: grunt-contrib-imagemin@0.2.1
351 silly lifecycle grunt-contrib-imagemin@0.2.1~install: no script for install, continuing
352 silly doSerial postinstall 4
353 silly postinstall ansi-styles@0.2.0 /Users/hsn/Documents/dev/hassan.so/node_modules/.staging/ansi-styles-7b08679a
354 info lifecycle ansi-styles@0.2.0~postinstall: ansi-styles@0.2.0
355 silly lifecycle ansi-styles@0.2.0~postinstall: no script for postinstall, continuing
356 silly postinstall gifsicle@0.1.7 /Users/hsn/Documents/dev/hassan.so/node_modules/.staging/gifsicle-ec19dca8
357 info lifecycle gifsicle@0.1.7~postinstall: gifsicle@0.1.7
358 verbose lifecycle gifsicle@0.1.7~postinstall: unsafe-perm in lifecycle true
359 verbose lifecycle gifsicle@0.1.7~postinstall: PATH: /usr/local/lib/node_modules/npm/bin/node-gyp-bin:/Users/hsn/Documents/dev/hassan.so/node_modules/gifsicle/node_modules/.bin:/Users/hsn/Documents/dev/hassan.so/node_modules/.bin:/opt/local/bin:/opt/local/sbin:/Library/Frameworks/Python.framework/Versions/2.7/bin:/usr/bin:/bin:/usr/sbin:/sbin:/usr/local/bin:/usr/local/lib/node_modules:/opt/X11/bin
360 verbose lifecycle gifsicle@0.1.7~postinstall: CWD: /Users/hsn/Documents/dev/hassan.so/node_modules/gifsicle
361 silly lifecycle gifsicle@0.1.7~postinstall: Args: [ '-c', 'node index.js' ]
362 silly lifecycle gifsicle@0.1.7~postinstall: Returned: code: 1  signal: null
363 info lifecycle gifsicle@0.1.7~postinstall: Failed to exec postinstall script
364 verbose unlock done using /Users/hsn/.npm/_locks/staging-a453370335e5f79b.lock for /Users/hsn/Documents/dev/hassan.so/node_modules/.staging
365 silly rollbackFailedOptional Starting
366 silly rollbackFailedOptional Finishing
367 silly runTopLevelLifecycles Finishing
368 silly install printInstalled
369 warn hassan-so@0.0.0 No description
370 verbose If you need help, you may report this error at:
370 verbose     <https://github.com/npm/npm/issues>
371 warn hassan-so@0.0.0 No repository field.
372 verbose If you need help, you may report this error at:
372 verbose     <https://github.com/npm/npm/issues>
373 warn hassan-so@0.0.0 No license field.
374 verbose If you need help, you may report this error at:
374 verbose     <https://github.com/npm/npm/issues>
375 verbose stack Error: gifsicle@0.1.7 postinstall: `node index.js`
375 verbose stack Exit status 1
375 verbose stack     at EventEmitter.<anonymous> (/usr/local/lib/node_modules/npm/lib/utils/lifecycle.js:255:16)
375 verbose stack     at emitTwo (events.js:106:13)
375 verbose stack     at EventEmitter.emit (events.js:191:7)
375 verbose stack     at ChildProcess.<anonymous> (/usr/local/lib/node_modules/npm/lib/utils/spawn.js:40:14)
375 verbose stack     at emitTwo (events.js:106:13)
375 verbose stack     at ChildProcess.emit (events.js:191:7)
375 verbose stack     at maybeClose (internal/child_process.js:891:16)
375 verbose stack     at Process.ChildProcess._handle.onexit (internal/child_process.js:226:5)
376 verbose pkgid gifsicle@0.1.7
377 verbose cwd /Users/hsn/Documents/dev/hassan.so
378 error Darwin 16.5.0
379 error argv "/usr/local/bin/node" "/usr/local/bin/npm" "i" "-D" "grunt-contrib-imagemin"
380 error node v6.11.1
381 error npm  v3.10.10
382 error code ELIFECYCLE
383 error gifsicle@0.1.7 postinstall: `node index.js`
383 error Exit status 1
384 error Failed at the gifsicle@0.1.7 postinstall script 'node index.js'.
384 error Make sure you have the latest version of node.js and npm installed.
384 error If you do, this is most likely a problem with the gifsicle package,
384 error not with npm itself.
384 error Tell the author that this fails on your system:
384 error     node index.js
384 error You can get information on how to open an issue for this project with:
384 error     npm bugs gifsicle
384 error Or if that isn't available, you can get their info via:
384 error     npm owner ls gifsicle
384 error There is likely additional logging output above.
385 verbose exit [ 1, true ]
